<?xml version="1.0" encoding="UTF-8" ?>
<testsuite errors="0" failures="0" hostname="Panda" name="RationalTest" skipped="0" tests="9" time="0.056" timestamp="2567-09-09T11:51:27">
  <properties>
[...]
</properties>
  <testcase classname="RationalTest" name="testDivideByZero" time="0.004" />
  <testcase classname="RationalTest" name="testAdd" time="0.001" />
  <testcase classname="RationalTest" name="testSubtract" time="0.0" />
  <testcase classname="RationalTest" name="testToString" time="0.003" />
  <testcase classname="RationalTest" name="testCompareTo" time="0.001" />
  <testcase classname="RationalTest" name="testSimplestForm" time="0.0" />
  <testcase classname="RationalTest" name="testDivide" time="0.0" />
  <testcase classname="RationalTest" name="testEquals" time="0.0" />
  <testcase classname="RationalTest" name="testMultiply" time="0.0" />
  <system-out><![CDATA[]]></system-out>
  <system-err><![CDATA[]]></system-err>
</testsuite>
